{
  "RSpec": {
    "coverage": {
      "C:/Users/ben-8/Desktop/tictactoe/spec/board_spec.rb": [
        1,
        null,
        1,
        1,
        1,
        null,
        null
      ],
      "C:/Users/ben-8/Desktop/tictactoe/lib/board.rb": [
        1,
        null,
        1,
        null,
        1,
        11,
        null,
        null
      ],
      "C:/Users/ben-8/Desktop/tictactoe/spec/player_spec.rb": [
        1,
        null,
        1,
        2,
        1,
        1,
        null,
        null
      ],
      "C:/Users/ben-8/Desktop/tictactoe/lib/player.rb": [
        1,
        null,
        1,
        null,
        1,
        23,
        null,
        null
      ],
      "C:/Users/ben-8/Desktop/tictactoe/spec/tictactoe_spec.rb": [
        1,
        null,
        1,
        null,
        1,
        1,
        1,
        1,
        null,
        null,
        1,
        1,
        2,
        null,
        1,
        2,
        null,
        1,
        2,
        null,
        1,
        1,
        null,
        null,
        1,
        1,
        1,
        1,
        null,
        null,
        null,
        1,
        1,
        1,
        1,
        1,
        null,
        null,
        null,
        1,
        2,
        2,
        1,
        1,
        1,
        1,
        1,
        1,
        null,
        null,
        null,
        1,
        1,
        1,
        1,
        1,
        1,
        1,
        1,
        1,
        1,
        1,
        1,
        null,
        1,
        1,
        null,
        null,
        null
      ],
      "C:/Users/ben-8/Desktop/tictactoe/lib/tictactoe.rb": [
        1,
        1,
        null,
        1,
        1,
        null,
        1,
        null,
        1,
        10,
        10,
        10,
        10,
        10,
        null,
        null,
        1,
        0,
        0,
        0,
        0,
        0,
        0,
        0,
        0,
        0,
        0,
        null,
        0,
        0,
        0,
        0,
        null,
        0,
        0,
        0,
        null,
        0,
        null,
        null,
        null,
        1,
        18,
        17,
        17,
        16,
        15,
        null,
        null,
        1,
        1,
        1,
        null,
        0,
        null,
        null,
        null,
        1,
        2,
        6,
        null,
        null,
        null,
        1,
        2,
        9,
        11,
        null,
        null,
        null,
        null,
        1,
        2,
        null,
        null,
        null
      ]
    },
    "timestamp": 1540915012
  }
}
